<?xml version="1.0" encoding="utf-8"?><testsuites name="pytest tests"><testsuite name="pytest" errors="0" failures="1" skipped="0" tests="29" time="25.210" timestamp="2026-07-12T06:52:51.166197+00:00" hostname="agent-env-e3f1b056-8f92-460f-b912-7c0c3b31a3ff"><testcase classname="tests.backend_test.TestPublicContent" name="test_scam_types_count" time="0.280" /><testcase classname="tests.backend_test.TestAuth" name="test_admin_login_sets_cookies" time="0.532" /><testcase classname="tests.backend_test.TestPublicContent" name="test_scam_detail_by_slug" time="0.350" /><testcase classname="tests.backend_test.TestAuth" name="test_admin_login_invalid_password" time="0.350" /><testcase classname="tests.backend_test.TestPublicContent" name="test_scam_detail_404" time="0.254" /><testcase classname="tests.backend_test.TestAuth" name="test_register_and_me" time="0.385" /><testcase classname="tests.backend_test.TestPublicContent" name="test_safety_tips_count" time="0.340" /><testcase classname="tests.backend_test.TestPublicContent" name="test_quiz_questions_count" time="0.126" /><testcase classname="tests.backend_test.TestPublicContent" name="test_blog_count" time="0.236" /><testcase classname="tests.backend_test.TestAuth" name="test_register_duplicate_email" time="0.415" /><testcase classname="tests.backend_test.TestPublicContent" name="test_blog_detail" time="0.243" /><testcase classname="tests.backend_test.TestAuth" name="test_me_unauthenticated" time="0.095" /><testcase classname="tests.backend_test.TestAuth" name="test_logout" time="0.397" /><testcase classname="tests.backend_test.TestPublicContent" name="test_search" time="0.265" /><testcase classname="tests.backend_test.TestAdminAuth" name="test_admin_stats_requires_auth" time="0.259" /><testcase classname="tests.backend_test.TestAdminCRUD" name="test_scam_crud" time="0.471" /><testcase classname="tests.backend_test.TestAdminAuth" name="test_admin_stats_forbidden_for_user" time="0.044" /><testcase classname="tests.backend_test.TestAdminCRUD" name="test_quiz_crud" time="0.322" /><testcase classname="tests.backend_test.TestAdminAuth" name="test_admin_stats" time="0.372"><failure message="assert 16 == 15">backend/tests/backend_test.py:227: in test_admin_stats
    assert data["quiz_questions"] == 15
E   assert 16 == 15</failure></testcase><testcase classname="tests.backend_test.TestReports" name="test_create_report" time="0.102" /><testcase classname="tests.backend_test.TestAdminCRUD" name="test_admin_reports_list_and_status_update" time="0.345" /><testcase classname="tests.backend_test.TestReports" name="test_report_validation_short_description" time="0.090" /><testcase classname="tests.backend_test.TestContact" name="test_contact_success" time="0.101" /><testcase classname="tests.backend_test.TestContact" name="test_contact_bad_email" time="0.102" /><testcase classname="tests.backend_test.TestAdminCRUD" name="test_admin_contacts_and_mark_read" time="0.181" /><testcase classname="tests.backend_test.TestAI" name="test_detect_scam" time="13.762" /><testcase classname="tests.backend_test.TestAdminCRUD" name="test_admin_users_list" time="0.044" /><testcase classname="tests.backend_test.TestHealth" name="test_api_root" time="0.091" /><testcase classname="tests.backend_test.TestAI" name="test_chat_streaming" time="7.387" /></testsuite></testsuites>