<?xml version="1.0" encoding="utf-8"?><testsuites name="pytest tests"><testsuite name="pytest" errors="0" failures="0" skipped="0" tests="33" time="55.275" timestamp="2026-09-17T20:51:55.492601+05:30" hostname="DESKTOP-9HCNM3A"><testcase classname="tests.backend_test.TestAuth" name="test_admin_login_sets_cookies" time="2.283" /><testcase classname="tests.backend_test.TestPublicContent" name="test_scam_types_count" time="2.332" /><testcase classname="tests.backend_test.TestAuth" name="test_admin_login_invalid_password" time="2.280" /><testcase classname="tests.backend_test.TestPublicContent" name="test_scam_detail_by_slug" time="4.320" /><testcase classname="tests.backend_test.TestAuth" name="test_register_and_me" time="2.358" /><testcase classname="tests.backend_test.TestPublicContent" name="test_scam_detail_404" time="2.077" /><testcase classname="tests.backend_test.TestPublicContent" name="test_safety_tips_count" time="2.077" /><testcase classname="tests.backend_test.TestAuth" name="test_register_duplicate_email" time="4.406" /><testcase classname="tests.backend_test.TestAuth" name="test_me_unauthenticated" time="2.042" /><testcase classname="tests.backend_test.TestPublicContent" name="test_quiz_questions_count" time="4.494" /><testcase classname="tests.backend_test.TestAuth" name="test_logout" time="2.277" /><testcase classname="tests.backend_test.TestPublicContent" name="test_blog_count" time="2.077" /><testcase classname="tests.backend_test.TestAI" name="test_detect_scam" time="5.266" /><testcase classname="tests.backend_test.TestPublicContent" name="test_blog_detail" time="4.141" /><testcase classname="tests.backend_test.TestAI" name="test_chat_streaming" time="10.545" /><testcase classname="tests.backend_test.TestPublicContent" name="test_search" time="2.124" /><testcase classname="tests.backend_test.TestAdminCRUD" name="test_scam_crud" time="2.640" /><testcase classname="tests.backend_test.TestAdminCRUD" name="test_quiz_crud" time="0.182" /><testcase classname="tests.backend_test.TestAdminCRUD" name="test_admin_reports_list_and_status_update" time="2.283" /><testcase classname="tests.backend_test.TestAdminCRUD" name="test_admin_contacts_and_mark_read" time="2.221" /><testcase classname="tests.backend_test.TestAdminCRUD" name="test_admin_users_list" time="0.072" /><testcase classname="tests.backend_test.TestAdminAuth" name="test_admin_stats_requires_auth" time="2.017" /><testcase classname="tests.backend_test.TestAI" name="test_url_and_qr_analysis[url-check-payload0]" time="5.334" /><testcase classname="tests.backend_test.TestAdminAuth" name="test_admin_stats_forbidden_for_user" time="2.072" /><testcase classname="tests.backend_test.TestAdminAuth" name="test_admin_stats" time="0.375" /><testcase classname="tests.backend_test.TestHealth" name="test_api_root" time="2.079" /><testcase classname="tests.backend_test.TestAI" name="test_url_and_qr_analysis[qr-payload1]" time="7.270" /><testcase classname="tests.backend_test.TestHealth" name="test_cors_exposes_retry_interval" time="2.016" /><testcase classname="tests.backend_test.TestReports" name="test_create_report" time="2.098" /><testcase classname="tests.backend_test.TestReports" name="test_report_validation_short_description" time="2.042" /><testcase classname="tests.backend_test.TestAI" name="test_invalid_scan_inputs" time="6.101" /><testcase classname="tests.backend_test.TestContact" name="test_contact_success" time="2.066" /><testcase classname="tests.backend_test.TestContact" name="test_contact_bad_email" time="2.060" /></testsuite></testsuites>